<?xml version="1.0" encoding="UTF-8"?>
<testsuite name="com.logistica.infrastructure.web.controllers.PagoControllerTest" tests="4" skipped="0" failures="0" errors="0" timestamp="2026-04-30T21:39:59.953Z" hostname="SKIPPER" time="0.461">
  <properties/>
  <testcase name="listarPagos_CuandoUsuarioTienePagos_Retorna200ConLista()" classname="com.logistica.infrastructure.web.controllers.PagoControllerTest" time="0.396"/>
  <testcase name="obtenerEstadoPago_CuandoPagoNoExiste_Retorna404()" classname="com.logistica.infrastructure.web.controllers.PagoControllerTest" time="0.037"/>
  <testcase name="obtenerEstadoPago_CuandoPagoExiste_Retorna200()" classname="com.logistica.infrastructure.web.controllers.PagoControllerTest" time="0.013"/>
  <testcase name="obtenerEstadoPago_CuandoUsuarioNoTienePermiso_Retorna403()" classname="com.logistica.infrastructure.web.controllers.PagoControllerTest" time="0.009"/>
  <system-out><![CDATA[16:39:56.293 [Test worker] INFO org.springframework.test.context.support.AnnotationConfigContextLoaderUtils -- Could not detect default configuration classes for test class [com.logistica.infrastructure.web.controllers.PagoControllerTest]: PagoControllerTest does not declare any static, non-private, non-final, nested classes annotated with @Configuration.
16:39:56.484 [Test worker] INFO org.springframework.boot.test.context.SpringBootTestContextBootstrapper -- Found @SpringBootConfiguration com.logistica.LogisticaApplication for test class com.logistica.infrastructure.web.controllers.PagoControllerTest

  .   ____          _            __ _ _
 /\\ / ___'_ __ _ _(_)_ __  __ _ \ \ \ \
( ( )\___ | '_ | '_| | '_ \/ _` | \ \ \ \
 \\/  ___)| |_)| | | | | || (_| |  ) ) ) )
  '  |____| .__|_| |_|_| |_\__, | / / / /
 =========|_|==============|___/=/_/_/_/
 :: Spring Boot ::                (v3.2.4)

2026-04-30T16:39:57.056-05:00  INFO 15820 --- [logistica-financiero] [    Test worker] c.l.i.w.controllers.PagoControllerTest   : Starting PagoControllerTest using Java 21.0.8 with PID 15820 (started by Sebastian in C:\Users\Sebastian\IdeaProjects\20261LogisticsInvoice\backend)
2026-04-30T16:39:57.058-05:00  INFO 15820 --- [logistica-financiero] [    Test worker] c.l.i.w.controllers.PagoControllerTest   : No active profile set, falling back to 1 default profile: "default"
2026-04-30T16:39:59.398-05:00  WARN 15820 --- [logistica-financiero] [    Test worker] .s.s.UserDetailsServiceAutoConfiguration : 

Using generated security password: 48b59611-5f60-43f4-a967-ccea83c7c8d7

This generated password is for development use only. Your security configuration must be updated before running your application in production.

2026-04-30T16:39:59.676-05:00  INFO 15820 --- [logistica-financiero] [    Test worker] o.s.s.web.DefaultSecurityFilterChain     : Will secure any request with [org.springframework.security.web.session.DisableEncodeUrlFilter@61836cd9, org.springframework.security.web.context.request.async.WebAsyncManagerIntegrationFilter@1b632442, org.springframework.security.web.context.SecurityContextHolderFilter@61d011e, org.springframework.security.web.header.HeaderWriterFilter@5b6cc344, org.springframework.web.filter.CorsFilter@7227926b, org.springframework.security.web.csrf.CsrfFilter@36511772, org.springframework.security.web.authentication.logout.LogoutFilter@1c411474, org.springframework.security.web.authentication.UsernamePasswordAuthenticationFilter@67e4928c, org.springframework.security.web.authentication.ui.DefaultLoginPageGeneratingFilter@1cb44a2f, org.springframework.security.web.authentication.ui.DefaultLogoutPageGeneratingFilter@2f75a9b1, org.springframework.security.web.authentication.www.BasicAuthenticationFilter@35a9e665, org.springframework.security.web.savedrequest.RequestCacheAwareFilter@1926f962, org.springframework.security.web.servletapi.SecurityContextHolderAwareRequestFilter@62794582, org.springframework.security.web.authentication.AnonymousAuthenticationFilter@556aed22, org.springframework.security.web.access.ExceptionTranslationFilter@1a06602f, org.springframework.security.web.access.intercept.AuthorizationFilter@57b130f6]
2026-04-30T16:39:59.852-05:00  INFO 15820 --- [logistica-financiero] [    Test worker] o.s.b.t.m.w.SpringBootMockServletContext : Initializing Spring TestDispatcherServlet ''
2026-04-30T16:39:59.852-05:00  INFO 15820 --- [logistica-financiero] [    Test worker] o.s.t.web.servlet.TestDispatcherServlet  : Initializing Servlet ''
2026-04-30T16:39:59.854-05:00  INFO 15820 --- [logistica-financiero] [    Test worker] o.s.t.web.servlet.TestDispatcherServlet  : Completed initialization in 2 ms
2026-04-30T16:39:59.931-05:00  INFO 15820 --- [logistica-financiero] [    Test worker] c.l.i.w.controllers.PagoControllerTest   : Started PagoControllerTest in 3.324 seconds (process running for 6.104)
]]></system-out>
  <system-err><![CDATA[]]></system-err>
</testsuite>
