<?xml version="1.0" encoding="UTF-8"?>
<testsuite name="com.logistica.unit.EstadoPagoDomainServiceTest" tests="8" skipped="0" failures="0" errors="0" timestamp="2026-04-26T21:31:15.855Z" hostname="SKIPPER" time="0.009">
  <properties/>
  <testcase name="estadoFinal_PENDIENTE_esFalse()" classname="com.logistica.unit.EstadoPagoDomainServiceTest" time="0.001"/>
  <testcase name="validarEstadoConocido_conEstadoValido_noLanzaExcepcion()" classname="com.logistica.unit.EstadoPagoDomainServiceTest" time="0.001"/>
  <testcase name="estadoFinal_PAGADO_esTrue()" classname="com.logistica.unit.EstadoPagoDomainServiceTest" time="0.0"/>
  <testcase name="esEstadoValido_conNombreDesconocido_esFalse()" classname="com.logistica.unit.EstadoPagoDomainServiceTest" time="0.0"/>
  <testcase name="esEstadoValido_conNombreValido_esTrue()" classname="com.logistica.unit.EstadoPagoDomainServiceTest" time="0.001"/>
  <testcase name="validarEstadoConocido_conNull_lanzaExcepcion()" classname="com.logistica.unit.EstadoPagoDomainServiceTest" time="0.003"/>
  <testcase name="estadoFinal_EN_PROCESO_esFalse()" classname="com.logistica.unit.EstadoPagoDomainServiceTest" time="0.001"/>
  <testcase name="estadoFinal_RECHAZADO_esTrue()" classname="com.logistica.unit.EstadoPagoDomainServiceTest" time="0.0"/>
  <system-out><![CDATA[]]></system-out>
  <system-err><![CDATA[]]></system-err>
</testsuite>
