<?xml version="1.0" encoding="UTF-8"?>
<testsuite name="com.logistica.infrastructure.web.controllers.LiquidacionControllerTest" tests="3" skipped="0" failures="0" errors="0" timestamp="2026-04-25T05:14:01" hostname="LAPTOP-8UJSA6QU" time="1.232">
  <properties/>
  <testcase name="buscar_ok()" classname="com.logistica.infrastructure.web.controllers.LiquidacionControllerTest" time="0.983"/>
  <testcase name="listar_ok_contenido()" classname="com.logistica.infrastructure.web.controllers.LiquidacionControllerTest" time="0.149"/>
  <testcase name="obtenerDetalle_ok()" classname="com.logistica.infrastructure.web.controllers.LiquidacionControllerTest" time="0.077"/>
  <system-out><![CDATA[00:13:47.605 [Test worker] INFO org.springframework.test.context.support.AnnotationConfigContextLoaderUtils -- Could not detect default configuration classes for test class [com.logistica.infrastructure.web.controllers.LiquidacionControllerTest]: LiquidacionControllerTest does not declare any static, non-private, non-final, nested classes annotated with @Configuration.
00:13:50.040 [Test worker] INFO org.springframework.boot.test.context.SpringBootTestContextBootstrapper -- Found @SpringBootConfiguration com.logistica.LogisticaApplication for test class com.logistica.infrastructure.web.controllers.LiquidacionControllerTest

  .   ____          _            __ _ _
 /\\ / ___'_ __ _ _(_)_ __  __ _ \ \ \ \
( ( )\___ | '_ | '_| | '_ \/ _` | \ \ \ \
 \\/  ___)| |_)| | | | | || (_| |  ) ) ) )
  '  |____| .__|_| |_|_| |_\__, | / / / /
 =========|_|==============|___/=/_/_/_/
 :: Spring Boot ::                (v3.2.4)

2026-04-25T00:13:52.870-05:00  INFO 25752 --- [logistica-backend] [    Test worker] c.l.i.w.c.LiquidacionControllerTest      : Starting LiquidacionControllerTest using Java 21.0.10 with PID 25752 (started by LUIS in C:\Users\LUIS\IdeaProjects\20261LogisticsInvoice\backend)
2026-04-25T00:13:52.877-05:00  INFO 25752 --- [logistica-backend] [    Test worker] c.l.i.w.c.LiquidacionControllerTest      : No active profile set, falling back to 1 default profile: "default"
2026-04-25T00:14:00.548-05:00  WARN 25752 --- [logistica-backend] [    Test worker] .s.s.UserDetailsServiceAutoConfiguration : 

Using generated security password: 97489fce-ba53-4a75-be78-b49071ee8bc4

This generated password is for development use only. Your security configuration must be updated before running your application in production.

2026-04-25T00:14:01.119-05:00  INFO 25752 --- [logistica-backend] [    Test worker] o.s.s.web.DefaultSecurityFilterChain     : Will secure any request with [org.springframework.security.web.session.DisableEncodeUrlFilter@6dd38df2, org.springframework.security.web.context.request.async.WebAsyncManagerIntegrationFilter@99c3cee, org.springframework.security.web.context.SecurityContextHolderFilter@5855b0ed, org.springframework.security.web.header.HeaderWriterFilter@26aee0a6, org.springframework.web.filter.CorsFilter@57b711b6, org.springframework.security.web.csrf.CsrfFilter@210c1b9d, org.springframework.security.web.authentication.logout.LogoutFilter@6cc56b32, org.springframework.security.web.authentication.UsernamePasswordAuthenticationFilter@5599dc60, org.springframework.security.web.authentication.ui.DefaultLoginPageGeneratingFilter@3a9c11fb, org.springframework.security.web.authentication.ui.DefaultLogoutPageGeneratingFilter@2db461b5, org.springframework.security.web.authentication.www.BasicAuthenticationFilter@54d60fa1, org.springframework.security.web.savedrequest.RequestCacheAwareFilter@6b0325d0, org.springframework.security.web.servletapi.SecurityContextHolderAwareRequestFilter@70439c3, org.springframework.security.web.authentication.AnonymousAuthenticationFilter@5c79c5ec, org.springframework.security.web.access.ExceptionTranslationFilter@32a4ea4e, org.springframework.security.web.access.intercept.AuthorizationFilter@4ab9d160]
2026-04-25T00:14:01.374-05:00  INFO 25752 --- [logistica-backend] [    Test worker] o.s.b.t.m.w.SpringBootMockServletContext : Initializing Spring TestDispatcherServlet ''
2026-04-25T00:14:01.374-05:00  INFO 25752 --- [logistica-backend] [    Test worker] o.s.t.web.servlet.TestDispatcherServlet  : Initializing Servlet ''
2026-04-25T00:14:01.379-05:00  INFO 25752 --- [logistica-backend] [    Test worker] o.s.t.web.servlet.TestDispatcherServlet  : Completed initialization in 4 ms
2026-04-25T00:14:01.465-05:00  INFO 25752 --- [logistica-backend] [    Test worker] c.l.i.w.c.LiquidacionControllerTest      : Started LiquidacionControllerTest in 10.578 seconds (process running for 17.275)
]]></system-out>
  <system-err><![CDATA[WARNING: A Java agent has been loaded dynamically (C:\Users\LUIS\.gradle\caches\modules-2\files-2.1\net.bytebuddy\byte-buddy-agent\1.14.12\be4984cb6fd1ef1d11f218a648889dfda44b8a15\byte-buddy-agent-1.14.12.jar)
WARNING: If a serviceability tool is in use, please run with -XX:+EnableDynamicAgentLoading to hide this warning
WARNING: If a serviceability tool is not in use, please run with -Djdk.instrument.traceUsage for more information
WARNING: Dynamic loading of agents will be disallowed by default in a future release
]]></system-err>
</testsuite>
