<?xml version="1.0" encoding="UTF-8"?>
<testsuite name="com.logistica.integration.VisualizarEstadoPagoIntegrationTest" tests="6" skipped="0" failures="0" errors="0" timestamp="2026-04-30T21:40:04.699Z" hostname="SKIPPER" time="0.509">
  <properties/>
  <testcase name="obtenerEstadoPago_CuandoPagoNoExiste_Retorna404()" classname="com.logistica.integration.VisualizarEstadoPagoIntegrationTest" time="0.288"/>
  <testcase name="listarPagos_RetornaUnicamentePagosDelUsuarioAutenticado()" classname="com.logistica.integration.VisualizarEstadoPagoIntegrationTest" time="0.131"/>
  <testcase name="obtenerEstadoPago_CuandoEstadoRechazado_MuestraEstadoCorrecto()" classname="com.logistica.integration.VisualizarEstadoPagoIntegrationTest" time="0.031"/>
  <testcase name="obtenerEstadoPago_CuandoEstadoPendiente_MuestraEstadoCorrecto()" classname="com.logistica.integration.VisualizarEstadoPagoIntegrationTest" time="0.018"/>
  <testcase name="obtenerEstadoPago_CuandoUsuarioNoEsPropietario_Retorna403()" classname="com.logistica.integration.VisualizarEstadoPagoIntegrationTest" time="0.021"/>
  <testcase name="obtenerEstadoPago_CuandoPagoEsDelUsuario_Retorna200()" classname="com.logistica.integration.VisualizarEstadoPagoIntegrationTest" time="0.011"/>
  <system-out><![CDATA[2026-04-30T16:40:00.428-05:00  INFO 15820 --- [logistica-financiero] [    Test worker] t.c.s.AnnotationConfigContextLoaderUtils : Could not detect default configuration classes for test class [com.logistica.integration.VisualizarEstadoPagoIntegrationTest]: VisualizarEstadoPagoIntegrationTest does not declare any static, non-private, non-final, nested classes annotated with @Configuration.
2026-04-30T16:40:00.447-05:00  INFO 15820 --- [logistica-financiero] [    Test worker] .b.t.c.SpringBootTestContextBootstrapper : Found @SpringBootConfiguration com.logistica.LogisticaApplication for test class com.logistica.integration.VisualizarEstadoPagoIntegrationTest

  .   ____          _            __ _ _
 /\\ / ___'_ __ _ _(_)_ __  __ _ \ \ \ \
( ( )\___ | '_ | '_| | '_ \/ _` | \ \ \ \
 \\/  ___)| |_)| | | | | || (_| |  ) ) ) )
  '  |____| .__|_| |_|_| |_\__, | / / / /
 =========|_|==============|___/=/_/_/_/
 :: Spring Boot ::                (v3.2.4)

2026-04-30T16:40:00.519-05:00  INFO 15820 --- [logistica-financiero] [    Test worker] .l.i.VisualizarEstadoPagoIntegrationTest : Starting VisualizarEstadoPagoIntegrationTest using Java 21.0.8 with PID 15820 (started by Sebastian in C:\Users\Sebastian\IdeaProjects\20261LogisticsInvoice\backend)
2026-04-30T16:40:00.519-05:00  INFO 15820 --- [logistica-financiero] [    Test worker] .l.i.VisualizarEstadoPagoIntegrationTest : The following 1 profile is active: "test"
2026-04-30T16:40:01.097-05:00  INFO 15820 --- [logistica-financiero] [    Test worker] .s.d.r.c.RepositoryConfigurationDelegate : Bootstrapping Spring Data JPA repositories in DEFAULT mode.
2026-04-30T16:40:01.180-05:00  INFO 15820 --- [logistica-financiero] [    Test worker] .s.d.r.c.RepositoryConfigurationDelegate : Finished Spring Data repository scanning in 68 ms. Found 3 JPA repository interfaces.
2026-04-30T16:40:01.801-05:00  INFO 15820 --- [logistica-financiero] [    Test worker] o.hibernate.jpa.internal.util.LogHelper  : HHH000204: Processing PersistenceUnitInfo [name: default]
2026-04-30T16:40:01.965-05:00  INFO 15820 --- [logistica-financiero] [    Test worker] org.hibernate.Version                    : HHH000412: Hibernate ORM core version 6.4.4.Final
2026-04-30T16:40:02.020-05:00  INFO 15820 --- [logistica-financiero] [    Test worker] o.h.c.internal.RegionFactoryInitiator    : HHH000026: Second-level cache disabled
2026-04-30T16:40:02.167-05:00  INFO 15820 --- [logistica-financiero] [    Test worker] o.s.o.j.p.SpringPersistenceUnitInfo      : No LoadTimeWeaver setup: ignoring JPA class transformer
2026-04-30T16:40:02.209-05:00  INFO 15820 --- [logistica-financiero] [    Test worker] com.zaxxer.hikari.HikariDataSource       : HikariPool-1 - Starting...
2026-04-30T16:40:02.440-05:00  INFO 15820 --- [logistica-financiero] [    Test worker] com.zaxxer.hikari.pool.HikariPool        : HikariPool-1 - Added connection conn0: url=jdbc:h2:mem:testdb user=SA
2026-04-30T16:40:02.443-05:00  INFO 15820 --- [logistica-financiero] [    Test worker] com.zaxxer.hikari.HikariDataSource       : HikariPool-1 - Start completed.
2026-04-30T16:40:02.472-05:00  WARN 15820 --- [logistica-financiero] [    Test worker] org.hibernate.orm.deprecation            : HHH90000025: H2Dialect does not need to be specified explicitly using 'hibernate.dialect' (remove the property setting and it will be selected by default)
2026-04-30T16:40:03.388-05:00  INFO 15820 --- [logistica-financiero] [    Test worker] o.h.e.t.j.p.i.JtaPlatformInitiator       : HHH000489: No JTA platform available (set 'hibernate.transaction.jta.platform' to enable JTA platform integration)
2026-04-30T16:40:03.430-05:00  INFO 15820 --- [logistica-financiero] [    Test worker] j.LocalContainerEntityManagerFactoryBean : Initialized JPA EntityManagerFactory for persistence unit 'default'
2026-04-30T16:40:04.201-05:00  WARN 15820 --- [logistica-financiero] [    Test worker] .s.s.UserDetailsServiceAutoConfiguration : 

Using generated security password: cdddc4b3-0d5f-4f65-b3c8-1e7fb39cf0a2

This generated password is for development use only. Your security configuration must be updated before running your application in production.

2026-04-30T16:40:04.333-05:00  INFO 15820 --- [logistica-financiero] [    Test worker] o.s.s.web.DefaultSecurityFilterChain     : Will secure any request with [org.springframework.security.web.session.DisableEncodeUrlFilter@3bf92d96, org.springframework.security.web.context.request.async.WebAsyncManagerIntegrationFilter@747795d7, org.springframework.security.web.context.SecurityContextHolderFilter@12c1826, org.springframework.security.web.header.HeaderWriterFilter@67aedd28, org.springframework.web.filter.CorsFilter@35408036, org.springframework.security.web.authentication.logout.LogoutFilter@70b7fec0, org.springframework.security.web.savedrequest.RequestCacheAwareFilter@107ac2b6, org.springframework.security.web.servletapi.SecurityContextHolderAwareRequestFilter@6e057374, org.springframework.security.web.authentication.AnonymousAuthenticationFilter@6be8e6ee, org.springframework.security.web.session.SessionManagementFilter@61b3de5b, org.springframework.security.web.access.ExceptionTranslationFilter@66d0d5ee, org.springframework.security.web.access.intercept.AuthorizationFilter@73c5b676]
2026-04-30T16:40:04.683-05:00  INFO 15820 --- [logistica-financiero] [    Test worker] o.s.b.t.m.w.SpringBootMockServletContext : Initializing Spring TestDispatcherServlet ''
2026-04-30T16:40:04.683-05:00  INFO 15820 --- [logistica-financiero] [    Test worker] o.s.t.web.servlet.TestDispatcherServlet  : Initializing Servlet ''
2026-04-30T16:40:04.684-05:00  INFO 15820 --- [logistica-financiero] [    Test worker] o.s.t.web.servlet.TestDispatcherServlet  : Completed initialization in 1 ms
2026-04-30T16:40:04.695-05:00  INFO 15820 --- [logistica-financiero] [    Test worker] .l.i.VisualizarEstadoPagoIntegrationTest : Started VisualizarEstadoPagoIntegrationTest in 4.236 seconds (process running for 10.868)
Intento de acceso no autorizado al pago cd8fd863-9ade-4ee6-9bc5-86720c73784f por el usuario 22222222-2222-2222-2222-222222222222
]]></system-out>
  <system-err><![CDATA[]]></system-err>
</testsuite>
