<?xml version="1.0" encoding="UTF-8"?>
<testsuite name="com.logistica.unit.PagoServiceTest" tests="13" skipped="0" failures="0" errors="0" timestamp="2026-04-26T21:31:16.030Z" hostname="SKIPPER" time="0.46">
  <properties/>
  <testcase name="procesarEvento_actualizacionARechazado_actualizaEstado()" classname="com.logistica.unit.PagoServiceTest" time="0.353"/>
  <testcase name="obtenerEventos_retornaListaOrdenada()" classname="com.logistica.unit.PagoServiceTest" time="0.008"/>
  <testcase name="procesarEvento_pagoFinalConTransicionInvalida_rechazaEvento()" classname="com.logistica.unit.PagoServiceTest" time="0.009"/>
  <testcase name="procesarEvento_actualizacionAPagado_actualizaEstado()" classname="com.logistica.unit.PagoServiceTest" time="0.014"/>
  <testcase name="procesarEvento_mismoEstadoActual_esIdempotente()" classname="com.logistica.unit.PagoServiceTest" time="0.006"/>
  <testcase name="procesarEvento_registroInicial_creaPagoYEstado()" classname="com.logistica.unit.PagoServiceTest" time="0.015"/>
  <testcase name="procesarEvento_eventoDuplicado_noCreaNuevoEstadoPago()" classname="com.logistica.unit.PagoServiceTest" time="0.004"/>
  <testcase name="procesarEvento_eventoDesordenado_noSobrescribeEstado()" classname="com.logistica.unit.PagoServiceTest" time="0.006"/>
  <testcase name="obtenerEstadoPagoPorLiquidacion_existente_retornaDTO()" classname="com.logistica.unit.PagoServiceTest" time="0.004"/>
  <testcase name="procesarEvento_liquidacionInexistente_noCreaPago_registraError()" classname="com.logistica.unit.PagoServiceTest" time="0.006"/>
  <testcase name="obtenerEstadoPagoPorLiquidacion_sinPago_lanzaExcepcion()" classname="com.logistica.unit.PagoServiceTest" time="0.005"/>
  <testcase name="obtenerEstadoPago_pagoInexistente_lanzaExcepcion()" classname="com.logistica.unit.PagoServiceTest" time="0.005"/>
  <testcase name="obtenerEstadoPago_pagoExistente_retornaDTO()" classname="com.logistica.unit.PagoServiceTest" time="0.003"/>
  <system-out><![CDATA[2026-04-26T16:31:16.409-05:00  WARN 19860 --- [logistica-financiero] [    Test worker] c.l.a.usecases.pago.PagoService          : Transición de estado inválida: PAGADO -> EN_PROCESO
2026-04-26T16:31:16.435-05:00  INFO 19860 --- [logistica-financiero] [    Test worker] c.l.a.usecases.pago.PagoService          : Evento con mismo estado actual, idempotente: idPago=1499a17f-1725-43a0-938f-b65aa334875c, estado=EN_PROCESO
2026-04-26T16:31:16.456-05:00  INFO 19860 --- [logistica-financiero] [    Test worker] c.l.a.usecases.pago.PagoService          : Evento duplicado ignorado: txn-001
2026-04-26T16:31:16.464-05:00  INFO 19860 --- [logistica-financiero] [    Test worker] c.l.a.usecases.pago.PagoService          : Evento con mismo estado actual, idempotente: idPago=4e1733da-c56a-4fac-960a-2d94aa9eb9dc, estado=EN_PROCESO
2026-04-26T16:31:16.475-05:00  WARN 19860 --- [logistica-financiero] [    Test worker] c.l.a.usecases.pago.PagoService          : Liquidación no encontrada: a6b41ab0-adbb-4cf7-a8e5-68d4f6801d0c
]]></system-out>
  <system-err><![CDATA[]]></system-err>
</testsuite>
