<?xml version="1.0" encoding="UTF-8"?>
<testsuite name="com.logistica.unit.PagoMapperTest" tests="5" skipped="0" failures="0" errors="0" timestamp="2026-04-26T21:31:16.014Z" hostname="SKIPPER" time="0.014">
  <properties/>
  <testcase name="pagoEntity_toDomain_mapeatodosLosCampos()" classname="com.logistica.unit.PagoMapperTest" time="0.003"/>
  <testcase name="liquidacionReferencia_mapeoRoundTrip()" classname="com.logistica.unit.PagoMapperTest" time="0.001"/>
  <testcase name="pago_toEntity_mapeatodosLosCampos()" classname="com.logistica.unit.PagoMapperTest" time="0.001"/>
  <testcase name="estadoPagoEntity_toDomain_mapeatodosLosCampos()" classname="com.logistica.unit.PagoMapperTest" time="0.0"/>
  <testcase name="eventoTransaccionEntity_toDomain_mapeatodosLosCampos()" classname="com.logistica.unit.PagoMapperTest" time="0.008"/>
  <system-out><![CDATA[]]></system-out>
  <system-err><![CDATA[]]></system-err>
</testsuite>
