<?xml version="1.0" encoding="UTF-8"?>
<testsuite name="com.logistica.infrastructure.web.controllers.PagoControllerTest" tests="2" skipped="0" failures="0" errors="0" timestamp="2026-04-25T04:53:15.032Z" hostname="LAPTOP-8UJSA6QU" time="0.696">
  <properties/>
  <testcase name="obtenerEstadoPago_CuandoPagoNoExiste_DebeRetornar404NotFound()" classname="com.logistica.infrastructure.web.controllers.PagoControllerTest" time="0.338"/>
  <testcase name="obtenerEstadoPago_CuandoPagoExiste_DebeRetornar200OK()" classname="com.logistica.infrastructure.web.controllers.PagoControllerTest" time="0.341"/>
  <system-out><![CDATA[23:53:04.332 [Test worker] INFO org.springframework.test.context.support.AnnotationConfigContextLoaderUtils -- Could not detect default configuration classes for test class [com.logistica.infrastructure.web.controllers.PagoControllerTest]: PagoControllerTest does not declare any static, non-private, non-final, nested classes annotated with @Configuration.
23:53:05.046 [Test worker] INFO org.springframework.boot.test.context.SpringBootTestContextBootstrapper -- Found @SpringBootConfiguration com.logistica.Application for test class com.logistica.infrastructure.web.controllers.PagoControllerTest

  .   ____          _            __ _ _
 /\\ / ___'_ __ _ _(_)_ __  __ _ \ \ \ \
( ( )\___ | '_ | '_| | '_ \/ _` | \ \ \ \
 \\/  ___)| |_)| | | | | || (_| |  ) ) ) )
  '  |____| .__|_| |_|_| |_\__, | / / / /
 =========|_|==============|___/=/_/_/_/
 :: Spring Boot ::                (v3.2.4)

2026-04-24T23:53:06.351-05:00  INFO 23184 --- [    Test worker] c.l.i.w.controllers.PagoControllerTest   : Starting PagoControllerTest using Java 21.0.10 with PID 23184 (started by LUIS in C:\Users\LUIS\IdeaProjects\20261LogisticsInvoice\backend)
2026-04-24T23:53:06.356-05:00  INFO 23184 --- [    Test worker] c.l.i.w.controllers.PagoControllerTest   : No active profile set, falling back to 1 default profile: "default"
2026-04-24T23:53:14.401-05:00  WARN 23184 --- [    Test worker] .s.s.UserDetailsServiceAutoConfiguration : 

Using generated security password: 2524e494-3945-4564-944c-7fc614104e12

This generated password is for development use only. Your security configuration must be updated before running your application in production.

2026-04-24T23:53:14.765-05:00  INFO 23184 --- [    Test worker] o.s.s.web.DefaultSecurityFilterChain     : Will secure any request with [org.springframework.security.web.session.DisableEncodeUrlFilter@55c03e4, org.springframework.security.web.context.request.async.WebAsyncManagerIntegrationFilter@14df5253, org.springframework.security.web.context.SecurityContextHolderFilter@2ecdf528, org.springframework.security.web.header.HeaderWriterFilter@52856ff9, org.springframework.web.filter.CorsFilter@605eb072, org.springframework.security.web.csrf.CsrfFilter@b32e983, org.springframework.security.web.authentication.logout.LogoutFilter@5fc7255c, org.springframework.security.web.authentication.UsernamePasswordAuthenticationFilter@598778cc, org.springframework.security.web.authentication.ui.DefaultLoginPageGeneratingFilter@123ca460, org.springframework.security.web.authentication.ui.DefaultLogoutPageGeneratingFilter@7a0f06ad, org.springframework.security.web.authentication.www.BasicAuthenticationFilter@704c3bdf, org.springframework.security.web.savedrequest.RequestCacheAwareFilter@33f349ae, org.springframework.security.web.servletapi.SecurityContextHolderAwareRequestFilter@377e573a, org.springframework.security.web.authentication.AnonymousAuthenticationFilter@1fa9692b, org.springframework.security.web.access.ExceptionTranslationFilter@312f3050, org.springframework.security.web.access.intercept.AuthorizationFilter@16e07bae]
2026-04-24T23:53:14.879-05:00  INFO 23184 --- [    Test worker] o.s.b.t.m.w.SpringBootMockServletContext : Initializing Spring TestDispatcherServlet ''
2026-04-24T23:53:14.879-05:00  INFO 23184 --- [    Test worker] o.s.t.web.servlet.TestDispatcherServlet  : Initializing Servlet ''
2026-04-24T23:53:14.884-05:00  INFO 23184 --- [    Test worker] o.s.t.web.servlet.TestDispatcherServlet  : Completed initialization in 5 ms
2026-04-24T23:53:14.988-05:00  INFO 23184 --- [    Test worker] c.l.i.w.controllers.PagoControllerTest   : Started PagoControllerTest in 9.645 seconds (process running for 14.219)
]]></system-out>
  <system-err><![CDATA[WARNING: A Java agent has been loaded dynamically (C:\Users\LUIS\.gradle\caches\modules-2\files-2.1\net.bytebuddy\byte-buddy-agent\1.14.12\be4984cb6fd1ef1d11f218a648889dfda44b8a15\byte-buddy-agent-1.14.12.jar)
WARNING: If a serviceability tool is in use, please run with -XX:+EnableDynamicAgentLoading to hide this warning
WARNING: If a serviceability tool is not in use, please run with -Djdk.instrument.traceUsage for more information
WARNING: Dynamic loading of agents will be disallowed by default in a future release
]]></system-err>
</testsuite>
